<?xml version="1.0" encoding="UTF-8"?>
<testng-results skipped="0" failed="0" ignored="0" total="3" passed="3">
  <reporter-output>
  </reporter-output>
  <suite name="Default suite" duration-ms="105906" started-at="2019-10-18T11:40:52Z" finished-at="2019-10-18T11:42:37Z">
    <groups>
    </groups>
    <test name="Default test" duration-ms="105906" started-at="2019-10-18T11:40:52Z" finished-at="2019-10-18T11:42:37Z">
      <class name="com.sct.qa.testcases.HomePageTest">
        <test-method status="PASS" signature="setUp()[pri:0, instance:com.sct.qa.testcases.HomePageTest@1ed4004b]" name="setUp" is-config="true" duration-ms="36326" started-at="2019-10-18T11:40:52Z" finished-at="2019-10-18T11:41:28Z">
          <reporter-output>
          </reporter-output>
        </test-method> <!-- setUp -->
        <test-method status="PASS" signature="validateHomePageTitleTest()[pri:1, instance:com.sct.qa.testcases.HomePageTest@1ed4004b]" name="validateHomePageTitleTest" duration-ms="61" started-at="2019-10-18T11:41:28Z" finished-at="2019-10-18T11:41:28Z">
          <reporter-output>
          </reporter-output>
        </test-method> <!-- validateHomePageTitleTest -->
        <test-method status="PASS" signature="tearDown()[pri:0, instance:com.sct.qa.testcases.HomePageTest@1ed4004b]" name="tearDown" is-config="true" duration-ms="1103" started-at="2019-10-18T11:41:28Z" finished-at="2019-10-18T11:41:29Z">
          <reporter-output>
          </reporter-output>
        </test-method> <!-- tearDown -->
        <test-method status="PASS" signature="setUp()[pri:0, instance:com.sct.qa.testcases.HomePageTest@1ed4004b]" name="setUp" is-config="true" duration-ms="28343" started-at="2019-10-18T11:41:29Z" finished-at="2019-10-18T11:41:57Z">
          <reporter-output>
          </reporter-output>
        </test-method> <!-- setUp -->
        <test-method status="PASS" signature="validateLogoTest()[pri:2, instance:com.sct.qa.testcases.HomePageTest@1ed4004b]" name="validateLogoTest" duration-ms="514" started-at="2019-10-18T11:41:57Z" finished-at="2019-10-18T11:41:58Z">
          <reporter-output>
          </reporter-output>
        </test-method> <!-- validateLogoTest -->
        <test-method status="PASS" signature="tearDown()[pri:0, instance:com.sct.qa.testcases.HomePageTest@1ed4004b]" name="tearDown" is-config="true" duration-ms="1135" started-at="2019-10-18T11:41:58Z" finished-at="2019-10-18T11:41:59Z">
          <reporter-output>
          </reporter-output>
        </test-method> <!-- tearDown -->
        <test-method status="PASS" signature="setUp()[pri:0, instance:com.sct.qa.testcases.HomePageTest@1ed4004b]" name="setUp" is-config="true" duration-ms="21828" started-at="2019-10-18T11:41:59Z" finished-at="2019-10-18T11:42:21Z">
          <reporter-output>
          </reporter-output>
        </test-method> <!-- setUp -->
        <test-method status="PASS" signature="logiTest()[pri:3, instance:com.sct.qa.testcases.HomePageTest@1ed4004b]" name="logiTest" duration-ms="15249" started-at="2019-10-18T11:42:21Z" finished-at="2019-10-18T11:42:36Z">
          <reporter-output>
          </reporter-output>
        </test-method> <!-- logiTest -->
        <test-method status="PASS" signature="tearDown()[pri:0, instance:com.sct.qa.testcases.HomePageTest@1ed4004b]" name="tearDown" is-config="true" duration-ms="1259" started-at="2019-10-18T11:42:36Z" finished-at="2019-10-18T11:42:37Z">
          <reporter-output>
          </reporter-output>
        </test-method> <!-- tearDown -->
      </class> <!-- com.sct.qa.testcases.HomePageTest -->
    </test> <!-- Default test -->
  </suite> <!-- Default suite -->
</testng-results>
