<?xml version="1.0" encoding="UTF-8"?>
<testng-results ignored="0" total="3" passed="3" failed="0" skipped="0">
  <reporter-output>
  </reporter-output>
  <suite started-at="2019-09-08T08:38:34Z" name="Default suite" finished-at="2019-09-08T08:40:52Z" duration-ms="137348">
    <groups>
    </groups>
    <test started-at="2019-09-08T08:38:34Z" name="Default test" finished-at="2019-09-08T08:40:52Z" duration-ms="137348">
      <class name="com.sct.qa.testcases.UserPageTest">
        <test-method is-config="true" signature="setUp()[pri:0, instance:com.sct.qa.testcases.UserPageTest@13c10b87]" started-at="2019-09-08T08:38:34Z" name="setUp" finished-at="2019-09-08T08:39:29Z" duration-ms="54783" status="PASS">
          <reporter-output>
          </reporter-output>
        </test-method> <!-- setUp -->
        <test-method signature="getUserNameTest()[pri:0, instance:com.sct.qa.testcases.UserPageTest@13c10b87]" started-at="2019-09-08T08:39:29Z" name="getUserNameTest" finished-at="2019-09-08T08:39:38Z" duration-ms="8867" status="PASS">
          <reporter-output>
          </reporter-output>
        </test-method> <!-- getUserNameTest -->
        <test-method is-config="true" signature="tearDown()[pri:0, instance:com.sct.qa.testcases.UserPageTest@13c10b87]" started-at="2019-09-08T08:39:38Z" name="tearDown" finished-at="2019-09-08T08:39:39Z" duration-ms="1571" status="PASS">
          <reporter-output>
          </reporter-output>
        </test-method> <!-- tearDown -->
        <test-method is-config="true" signature="setUp()[pri:0, instance:com.sct.qa.testcases.UserPageTest@13c10b87]" started-at="2019-09-08T08:39:39Z" name="setUp" finished-at="2019-09-08T08:40:09Z" duration-ms="29762" status="PASS">
          <reporter-output>
          </reporter-output>
        </test-method> <!-- setUp -->
        <test-method signature="mouseHoverPfName()[pri:0, instance:com.sct.qa.testcases.UserPageTest@13c10b87]" started-at="2019-09-08T08:40:09Z" name="mouseHoverPfName" finished-at="2019-09-08T08:40:20Z" duration-ms="10464" status="PASS">
          <reporter-output>
          </reporter-output>
        </test-method> <!-- mouseHoverPfName -->
        <test-method is-config="true" signature="tearDown()[pri:0, instance:com.sct.qa.testcases.UserPageTest@13c10b87]" started-at="2019-09-08T08:40:20Z" name="tearDown" finished-at="2019-09-08T08:40:21Z" duration-ms="1319" status="PASS">
          <reporter-output>
          </reporter-output>
        </test-method> <!-- tearDown -->
        <test-method is-config="true" signature="setUp()[pri:0, instance:com.sct.qa.testcases.UserPageTest@13c10b87]" started-at="2019-09-08T08:40:21Z" name="setUp" finished-at="2019-09-08T08:40:50Z" duration-ms="28603" status="PASS">
          <reporter-output>
          </reporter-output>
        </test-method> <!-- setUp -->
        <test-method signature="verifyUserPageTitleTest()[pri:0, instance:com.sct.qa.testcases.UserPageTest@13c10b87]" started-at="2019-09-08T08:40:50Z" name="verifyUserPageTitleTest" finished-at="2019-09-08T08:40:50Z" duration-ms="105" status="PASS">
          <reporter-output>
          </reporter-output>
        </test-method> <!-- verifyUserPageTitleTest -->
        <test-method is-config="true" signature="tearDown()[pri:0, instance:com.sct.qa.testcases.UserPageTest@13c10b87]" started-at="2019-09-08T08:40:50Z" name="tearDown" finished-at="2019-09-08T08:40:52Z" duration-ms="1783" status="PASS">
          <reporter-output>
          </reporter-output>
        </test-method> <!-- tearDown -->
      </class> <!-- com.sct.qa.testcases.UserPageTest -->
    </test> <!-- Default test -->
  </suite> <!-- Default suite -->
</testng-results>
