<?xml version="1.0" encoding="UTF-8"?>
<!-- Generated by org.testng.reporters.JUnitXMLReporter -->
<testsuite ignored="0" hostname="IN04186" failures="0" tests="3" name="Default test" time="56.047" errors="0" timestamp="02 Sep 2019 05:06:36 GMT">
  <testcase classname="com.sct.qa.testcases.HomePageTest" name="validateHomePageTitleTest" time="0.033"/>
  <testcase classname="com.sct.qa.testcases.HomePageTest" name="validateLogoTest" time="0.304"/>
  <testcase classname="com.sct.qa.testcases.HomePageTest" name="logiTest" time="6.726"/>
</testsuite> <!-- Default test -->
