<?xml version="1.0" encoding="UTF-8"?>
<!-- Generated by org.testng.reporters.JUnitXMLReporter -->
<testsuite hostname="IN04186" ignored="0" name="Default test" tests="3" failures="0" timestamp="18 Oct 2019 11:42:38 GMT" time="105.906" errors="0">
  <testcase name="validateHomePageTitleTest" time="0.061" classname="com.sct.qa.testcases.HomePageTest"/>
  <testcase name="validateLogoTest" time="0.514" classname="com.sct.qa.testcases.HomePageTest"/>
  <testcase name="logiTest" time="15.249" classname="com.sct.qa.testcases.HomePageTest"/>
</testsuite> <!-- Default test -->
